<?xml version="1.0" encoding="UTF-8"?>
<!-- Generated by org.testng.reporters.JUnitReportReporter -->
<testsuite hostname="ECF201-400" name="studform.formtests.A65FormTest" tests="1" failures="0" timestamp="21 Oct 2019 05:28:41 GMT" time="20.213" errors="0">
  <testcase name="addunit" time="20.213" classname="studform.formtests.A65FormTest"/>
</testsuite> <!-- studform.formtests.A65FormTest -->
