<?xml version="1.0" encoding="UTF-8"?>
<!-- Generated by org.testng.reporters.JUnitReportReporter -->
<testsuite hostname="ECF201-400" name="studform.formtests.AccessStudForm" tests="2" failures="0" timestamp="8 Oct 2019 02:12:00 GMT" time="9.864" errors="0">
  <testcase name="validatepersonaldet" time="0.104" classname="studform.formtests.AccessStudForm"/>
  <testcase name="login" time="9.760" classname="studform.formtests.AccessStudForm"/>
</testsuite> <!-- studform.formtests.AccessStudForm -->
