<?xml version="1.0" encoding="UTF-8"?>
<!-- Generated by org.testng.reporters.JUnitReportReporter -->
<testsuite hostname="ECF201-400" name="studform.formtests.AccessStudForm" tests="1" failures="0" timestamp="8 Oct 2019 03:52:25 GMT" time="10.453" errors="0">
  <testcase name="login" time="10.453" classname="studform.formtests.AccessStudForm"/>
</testsuite> <!-- studform.formtests.AccessStudForm -->
