<?xml version="1.0" encoding="UTF-8"?>
<!-- Generated by org.testng.reporters.JUnitReportReporter -->
<testsuite hostname="ECF201-400" name="studform.formtests.PersonalDetailsTest" tests="1" failures="0" timestamp="17 Oct 2019 05:29:20 GMT" time="16.950" errors="0">
  <testcase name="coursedata" time="16.950" classname="studform.formtests.PersonalDetailsTest"/>
</testsuite> <!-- studform.formtests.PersonalDetailsTest -->
