<?xml version="1.0" encoding="UTF-8"?>
<!-- Generated by org.testng.reporters.JUnitReportReporter -->
<testsuite hostname="ECF201-400" name="studform.formtests.A65FormMainPageTest" tests="1" failures="0" timestamp="14 Jan 2020 04:55:45 GMT" time="16.494" errors="0">
  <testcase name="myvulogin" time="16.494" classname="studform.formtests.A65FormMainPageTest"/>
</testsuite> <!-- studform.formtests.A65FormMainPageTest -->
