<?xml version="1.0" encoding="UTF-8"?>
<!-- Generated by org.testng.reporters.JUnitReportReporter -->
<testsuite hostname="ECF201-400" name="studform.formtests.PersonalDetailsTest" tests="1" failures="0" timestamp="8 Oct 2019 04:56:34 GMT" time="14.638" errors="0">
  <testcase name="studentid" time="14.638" classname="studform.formtests.PersonalDetailsTest"/>
</testsuite> <!-- studform.formtests.PersonalDetailsTest -->
